0 info it worked if it ends with ok
1 verbose cli [ 'C:\\Program Files\\nodejs\\node.exe',
1 verbose cli   'C:\\Program Files\\nodejs\\node_modules\\npm\\bin\\npm-cli.js',
1 verbose cli   'run',
1 verbose cli   'serve' ]
2 info using npm@3.10.10
3 info using node@v6.9.4
4 verbose run-script [ 'preserve', 'serve', 'postserve' ]
5 info lifecycle @topeysoft/node-starter@1.0.19~preserve: @topeysoft/node-starter@1.0.19
6 silly lifecycle @topeysoft/node-starter@1.0.19~preserve: no script for preserve, continuing
7 info lifecycle @topeysoft/node-starter@1.0.19~serve: @topeysoft/node-starter@1.0.19
8 verbose lifecycle @topeysoft/node-starter@1.0.19~serve: unsafe-perm in lifecycle true
9 verbose lifecycle @topeysoft/node-starter@1.0.19~serve: PATH: C:\Program Files\nodejs\node_modules\npm\bin\node-gyp-bin;H:\git\node-typescript-bootstrap\node_modules\.bin;C:\ProgramData\Oracle\Java\javapath;C:\Program Files (x86)\Intel\iCLS Client\;C:\Program Files\Intel\iCLS Client\;C:\windows\system32;C:\windows;C:\windows\System32\Wbem;C:\windows\System32\WindowsPowerShell\v1.0\;C:\Program Files (x86)\NVIDIA Corporation\PhysX\Common;C:\Program Files\WIDCOMM\Bluetooth Software\;C:\Program Files\WIDCOMM\Bluetooth Software\syswow64;C:\Program Files (x86)\Intel\Intel(R) Management Engine Components\DAL;C:\Program Files\Intel\Intel(R) Management Engine Components\DAL;C:\Program Files (x86)\Intel\Intel(R) Management Engine Components\IPT;C:\Program Files\Intel\Intel(R) Management Engine Components\IPT;C:\Program Files\Microsoft SQL Server\120\Tools\Binn\;C:\Program Files\Microsoft SQL Server\130\Tools\Binn\;C:\WINDOWS\system32;C:\WINDOWS;C:\WINDOWS\System32\Wbem;C:\WINDOWS\System32\WindowsPowerShell\v1.0\;C:\Program Files (x86)\Windows Live\Shared;C:\Program Files (x86)\Windows Kits\10\Windows Performance Toolkit\;C:\Program Files (x86)\Android\android-sdk\platform-tools;C:\Program Files\LLVM\bin;C:\Program Files (x86)\Microsoft Emulator Manager\1.0\;C:\Program Files\Microsoft DNX\Dnvm\;C:\Program Files\nodejs\;C:\Program Files\Microsoft\Web Platform Installer\;C:\Program Files\dotnet\;C:\Program Files\MiKTeX 2.9\miktex\bin\x64\;C:\Program Files\Git\cmd;C:\ProgramData\chocolatey\bin;C:\Program Files\Java\jdk1.8.0_121\bin;C:\Program Files\Android\android-sdk\tools;C:\Program Files\Android\android-sdk\platform-tools;C:\Program Files (x86)\Microsoft VS Code\bin;C:\Program Files\MongoDB\Server\3.2\bin;c:\nuget;C:\Program Files\Java\jdk1.8.0_91\bin;C:\Program Files (x86)\nodejs;C:\Users\temia\AppData\Local\Microsoft\WindowsApps;C:\Users\temia\AppData\Local\atom\bin;C:\Users\temia\AppData\Roaming\npm;C:\cygnus\cygwin-b20\H-i586-cygwin32\bin;C:\Python27;C:\Python27\Scripts
10 verbose lifecycle @topeysoft/node-starter@1.0.19~serve: CWD: H:\git\node-typescript-bootstrap
11 silly lifecycle @topeysoft/node-starter@1.0.19~serve: Args: [ '/d /s /c',
11 silly lifecycle   'concurrently "npm run grunt:w" "nodemon --watch ./build ./bin/www --host=localhost --port=5200"' ]
12 silly lifecycle @topeysoft/node-starter@1.0.19~serve: Returned: code: 3221225786  signal: null
13 info lifecycle @topeysoft/node-starter@1.0.19~serve: Failed to exec serve script
14 verbose stack Error: @topeysoft/node-starter@1.0.19 serve: `concurrently "npm run grunt:w" "nodemon --watch ./build ./bin/www --host=localhost --port=5200"`
14 verbose stack Exit status 3221225786
14 verbose stack     at EventEmitter.<anonymous> (C:\Program Files\nodejs\node_modules\npm\lib\utils\lifecycle.js:255:16)
14 verbose stack     at emitTwo (events.js:106:13)
14 verbose stack     at EventEmitter.emit (events.js:191:7)
14 verbose stack     at ChildProcess.<anonymous> (C:\Program Files\nodejs\node_modules\npm\lib\utils\spawn.js:40:14)
14 verbose stack     at emitTwo (events.js:106:13)
14 verbose stack     at ChildProcess.emit (events.js:191:7)
14 verbose stack     at maybeClose (internal/child_process.js:877:16)
14 verbose stack     at Process.ChildProcess._handle.onexit (internal/child_process.js:226:5)
15 verbose pkgid @topeysoft/node-starter@1.0.19
16 verbose cwd H:\git\node-typescript-bootstrap
17 error Windows_NT 10.0.14393
18 error argv "C:\\Program Files\\nodejs\\node.exe" "C:\\Program Files\\nodejs\\node_modules\\npm\\bin\\npm-cli.js" "run" "serve"
19 error node v6.9.4
20 error npm  v3.10.10
21 error code ELIFECYCLE
22 error @topeysoft/node-starter@1.0.19 serve: `concurrently "npm run grunt:w" "nodemon --watch ./build ./bin/www --host=localhost --port=5200"`
22 error Exit status 3221225786
23 error Failed at the @topeysoft/node-starter@1.0.19 serve script 'concurrently "npm run grunt:w" "nodemon --watch ./build ./bin/www --host=localhost --port=5200"'.
23 error Make sure you have the latest version of node.js and npm installed.
23 error If you do, this is most likely a problem with the @topeysoft/node-starter package,
23 error not with npm itself.
23 error Tell the author that this fails on your system:
23 error     concurrently "npm run grunt:w" "nodemon --watch ./build ./bin/www --host=localhost --port=5200"
23 error You can get information on how to open an issue for this project with:
23 error     npm bugs @topeysoft/node-starter
23 error Or if that isn't available, you can get their info via:
23 error     npm owner ls @topeysoft/node-starter
23 error There is likely additional logging output above.
24 verbose exit [ 1, true ]
